Determining if the pthread_create exist failed with the following output:
Change Dir: /home/wonjunhee/catkin_ws/src/qtros-build/CMakeFiles/CMakeTmp

Run Build Command:"/usr/bin/make" "cmTC_30040/fast"
/usr/bin/make -f CMakeFiles/cmTC_30040.dir/build.make CMakeFiles/cmTC_30040.dir/build
make[1]: 디렉터리 '/home/wonjunhee/catkin_ws/src/qtros-build/CMakeFiles/CMakeTmp' 들어감
Building C object CMakeFiles/cmTC_30040.dir/CheckSymbolExists.c.o
/usr/bin/cc     -o CMakeFiles/cmTC_30040.dir/CheckSymbolExists.c.o   -c /home/wonjunhee/catkin_ws/src/qtros-build/CMakeFiles/CMakeTmp/CheckSymbolExists.c
Linking C executable cmTC_30040
/usr/bin/cmake -E cmake_link_script CMakeFiles/cmTC_30040.dir/link.txt --verbose=1
/usr/bin/cc       CMakeFiles/cmTC_30040.dir/CheckSymbolExists.c.o  -o cmTC_30040 -rdynamic 
CMakeFiles/cmTC_30040.dir/CheckSymbolExists.c.o: In function `main':
CheckSymbolExists.c:(.text+0x16): undefined reference to `pthread_create'
collect2: error: ld returned 1 exit status
CMakeFiles/cmTC_30040.dir/build.make:97: 'cmTC_30040' 타겟에 대한 명령이 실패했습니다
make[1]: *** [cmTC_30040] 오류 1
make[1]: 디렉터리 '/home/wonjunhee/catkin_ws/src/qtros-build/CMakeFiles/CMakeTmp' 나감
Makefile:126: 'cmTC_30040/fast' 타겟에 대한 명령이 실패했습니다
make: *** [cmTC_30040/fast] 오류 2

File /home/wonjunhee/catkin_ws/src/qtros-build/CMakeFiles/CMakeTmp/CheckSymbolExists.c:
/* */
#include <pthread.h>

int main(int argc, char** argv)
{
  (void)argv;
#ifndef pthread_create
  return ((int*)(&pthread_create))[argc];
#else
  (void)argc;
  return 0;
#endif
}

Determining if the function pthread_create exists in the pthreads failed with the following output:
Change Dir: /home/wonjunhee/catkin_ws/src/qtros-build/CMakeFiles/CMakeTmp

Run Build Command:"/usr/bin/make" "cmTC_ccf0b/fast"
/usr/bin/make -f CMakeFiles/cmTC_ccf0b.dir/build.make CMakeFiles/cmTC_ccf0b.dir/build
make[1]: 디렉터리 '/home/wonjunhee/catkin_ws/src/qtros-build/CMakeFiles/CMakeTmp' 들어감
Building C object CMakeFiles/cmTC_ccf0b.dir/CheckFunctionExists.c.o
/usr/bin/cc    -DCHECK_FUNCTION_EXISTS=pthread_create   -o CMakeFiles/cmTC_ccf0b.dir/CheckFunctionExists.c.o   -c /usr/share/cmake-3.5/Modules/CheckFunctionExists.c
Linking C executable cmTC_ccf0b
/usr/bin/cmake -E cmake_link_script CMakeFiles/cmTC_ccf0b.dir/link.txt --verbose=1
/usr/bin/cc   -DCHECK_FUNCTION_EXISTS=pthread_create    CMakeFiles/cmTC_ccf0b.dir/CheckFunctionExists.c.o  -o cmTC_ccf0b -rdynamic -lpthreads 
/usr/bin/ld: cannot find -lpthreads
collect2: error: ld returned 1 exit status
CMakeFiles/cmTC_ccf0b.dir/build.make:97: 'cmTC_ccf0b' 타겟에 대한 명령이 실패했습니다
make[1]: *** [cmTC_ccf0b] 오류 1
make[1]: 디렉터리 '/home/wonjunhee/catkin_ws/src/qtros-build/CMakeFiles/CMakeTmp' 나감
Makefile:126: 'cmTC_ccf0b/fast' 타겟에 대한 명령이 실패했습니다
make: *** [cmTC_ccf0b/fast] 오류 2


Determining if the Q_WS_WIN exist failed with the following output:
Change Dir: /home/wonjunhee/catkin_ws/src/qtros-build/CMakeFiles/CMakeTmp

Run Build Command:"/usr/bin/make" "cmTC_1dbfb/fast"
/usr/bin/make -f CMakeFiles/cmTC_1dbfb.dir/build.make CMakeFiles/cmTC_1dbfb.dir/build
make[1]: 디렉터리 '/home/wonjunhee/catkin_ws/src/qtros-build/CMakeFiles/CMakeTmp' 들어감
Building CXX object CMakeFiles/cmTC_1dbfb.dir/CheckSymbolExists.cxx.o
/usr/bin/c++    -I/usr/include/qt4   -o CMakeFiles/cmTC_1dbfb.dir/CheckSymbolExists.cxx.o -c /home/wonjunhee/catkin_ws/src/qtros-build/CMakeFiles/CMakeTmp/CheckSymbolExists.cxx
/home/wonjunhee/catkin_ws/src/qtros-build/CMakeFiles/CMakeTmp/CheckSymbolExists.cxx: In function ‘int main(int, char**)’:
/home/wonjunhee/catkin_ws/src/qtros-build/CMakeFiles/CMakeTmp/CheckSymbolExists.cxx:8:19: error: ‘Q_WS_WIN’ was not declared in this scope
   return ((int*)(&Q_WS_WIN))[argc];
                   ^
CMakeFiles/cmTC_1dbfb.dir/build.make:65: 'CMakeFiles/cmTC_1dbfb.dir/CheckSymbolExists.cxx.o' 타겟에 대한 명령이 실패했습니다
make[1]: *** [CMakeFiles/cmTC_1dbfb.dir/CheckSymbolExists.cxx.o] 오류 1
make[1]: 디렉터리 '/home/wonjunhee/catkin_ws/src/qtros-build/CMakeFiles/CMakeTmp' 나감
Makefile:126: 'cmTC_1dbfb/fast' 타겟에 대한 명령이 실패했습니다
make: *** [cmTC_1dbfb/fast] 오류 2

File /home/wonjunhee/catkin_ws/src/qtros-build/CMakeFiles/CMakeTmp/CheckSymbolExists.cxx:
/* */
#include <QtCore/qglobal.h>

int main(int argc, char** argv)
{
  (void)argv;
#ifndef Q_WS_WIN
  return ((int*)(&Q_WS_WIN))[argc];
#else
  (void)argc;
  return 0;
#endif
}

Determining if the Q_WS_QWS exist failed with the following output:
Change Dir: /home/wonjunhee/catkin_ws/src/qtros-build/CMakeFiles/CMakeTmp

Run Build Command:"/usr/bin/make" "cmTC_e95b3/fast"
/usr/bin/make -f CMakeFiles/cmTC_e95b3.dir/build.make CMakeFiles/cmTC_e95b3.dir/build
make[1]: 디렉터리 '/home/wonjunhee/catkin_ws/src/qtros-build/CMakeFiles/CMakeTmp' 들어감
Building CXX object CMakeFiles/cmTC_e95b3.dir/CheckSymbolExists.cxx.o
/usr/bin/c++    -I/usr/include/qt4   -o CMakeFiles/cmTC_e95b3.dir/CheckSymbolExists.cxx.o -c /home/wonjunhee/catkin_ws/src/qtros-build/CMakeFiles/CMakeTmp/CheckSymbolExists.cxx
/home/wonjunhee/catkin_ws/src/qtros-build/CMakeFiles/CMakeTmp/CheckSymbolExists.cxx: In function ‘int main(int, char**)’:
/home/wonjunhee/catkin_ws/src/qtros-build/CMakeFiles/CMakeTmp/CheckSymbolExists.cxx:8:19: error: ‘Q_WS_QWS’ was not declared in this scope
   return ((int*)(&Q_WS_QWS))[argc];
                   ^
CMakeFiles/cmTC_e95b3.dir/build.make:65: 'CMakeFiles/cmTC_e95b3.dir/CheckSymbolExists.cxx.o' 타겟에 대한 명령이 실패했습니다
make[1]: *** [CMakeFiles/cmTC_e95b3.dir/CheckSymbolExists.cxx.o] 오류 1
make[1]: 디렉터리 '/home/wonjunhee/catkin_ws/src/qtros-build/CMakeFiles/CMakeTmp' 나감
Makefile:126: 'cmTC_e95b3/fast' 타겟에 대한 명령이 실패했습니다
make: *** [cmTC_e95b3/fast] 오류 2

File /home/wonjunhee/catkin_ws/src/qtros-build/CMakeFiles/CMakeTmp/CheckSymbolExists.cxx:
/* */
#include <QtCore/qglobal.h>

int main(int argc, char** argv)
{
  (void)argv;
#ifndef Q_WS_QWS
  return ((int*)(&Q_WS_QWS))[argc];
#else
  (void)argc;
  return 0;
#endif
}

Determining if the Q_WS_MAC exist failed with the following output:
Change Dir: /home/wonjunhee/catkin_ws/src/qtros-build/CMakeFiles/CMakeTmp

Run Build Command:"/usr/bin/make" "cmTC_d9c61/fast"
/usr/bin/make -f CMakeFiles/cmTC_d9c61.dir/build.make CMakeFiles/cmTC_d9c61.dir/build
make[1]: 디렉터리 '/home/wonjunhee/catkin_ws/src/qtros-build/CMakeFiles/CMakeTmp' 들어감
Building CXX object CMakeFiles/cmTC_d9c61.dir/CheckSymbolExists.cxx.o
/usr/bin/c++    -I/usr/include/qt4   -o CMakeFiles/cmTC_d9c61.dir/CheckSymbolExists.cxx.o -c /home/wonjunhee/catkin_ws/src/qtros-build/CMakeFiles/CMakeTmp/CheckSymbolExists.cxx
/home/wonjunhee/catkin_ws/src/qtros-build/CMakeFiles/CMakeTmp/CheckSymbolExists.cxx: In function ‘int main(int, char**)’:
/home/wonjunhee/catkin_ws/src/qtros-build/CMakeFiles/CMakeTmp/CheckSymbolExists.cxx:8:19: error: ‘Q_WS_MAC’ was not declared in this scope
   return ((int*)(&Q_WS_MAC))[argc];
                   ^
CMakeFiles/cmTC_d9c61.dir/build.make:65: 'CMakeFiles/cmTC_d9c61.dir/CheckSymbolExists.cxx.o' 타겟에 대한 명령이 실패했습니다
make[1]: *** [CMakeFiles/cmTC_d9c61.dir/CheckSymbolExists.cxx.o] 오류 1
make[1]: 디렉터리 '/home/wonjunhee/catkin_ws/src/qtros-build/CMakeFiles/CMakeTmp' 나감
Makefile:126: 'cmTC_d9c61/fast' 타겟에 대한 명령이 실패했습니다
make: *** [cmTC_d9c61/fast] 오류 2

File /home/wonjunhee/catkin_ws/src/qtros-build/CMakeFiles/CMakeTmp/CheckSymbolExists.cxx:
/* */
#include <QtCore/qglobal.h>

int main(int argc, char** argv)
{
  (void)argv;
#ifndef Q_WS_MAC
  return ((int*)(&Q_WS_MAC))[argc];
#else
  (void)argc;
  return 0;
#endif
}

